<?xml version="1.0" encoding="UTF-8"?>
<testsuite xmlns:xsi="http://www.w3.org/2001/XMLSchema-instance" xsi:noNamespaceSchemaLocation="https://maven.apache.org/surefire/maven-surefire-plugin/xsd/surefire-test-report-3.0.xsd" version="3.0" name="com.frutz.pft.PftApplicationTests" time="5.916" tests="1" errors="0" skipped="0" failures="0">
  <properties>
[...]
</properties>
  <testcase name="contextLoads" classname="com.frutz.pft.PftApplicationTests" time="0.323">
    <system-out><![CDATA[15:06:53.970 [main] INFO org.springframework.test.context.support.AnnotationConfigContextLoaderUtils -- Could not detect default configuration classes for test class [com.frutz.pft.PftApplicationTests]: PftApplicationTests does not declare any static, non-private, non-final, nested classes annotated with @Configuration.
15:06:54.065 [main] INFO org.springframework.boot.test.context.SpringBootTestContextBootstrapper -- Found @SpringBootConfiguration com.frutz.pft.PftApplication for test class com.frutz.pft.PftApplicationTests

  .   ____          _            __ _ _
 /\\ / ___'_ __ _ _(_)_ __  __ _ \ \ \ \
( ( )\___ | '_ | '_| | '_ \/ _` | \ \ \ \
 \\/  ___)| |_)| | | | | || (_| |  ) ) ) )
  '  |____| .__|_| |_|_| |_\__, | / / / /
 =========|_|==============|___/=/_/_/_/

 :: Spring Boot ::                (v3.3.2)

2024-08-18T15:06:54.500+02:00  INFO 32084 --- [pft] [           main] com.frutz.pft.PftApplicationTests        : Starting PftApplicationTests using Java 22.0.2 with PID 32084 (started by remix in C:\Users\remix\MyPortfolio\PortfolioTracker\PortfolioManagementTracker\pft)
2024-08-18T15:06:54.501+02:00  INFO 32084 --- [pft] [           main] com.frutz.pft.PftApplicationTests        : No active profile set, falling back to 1 default profile: "default"
2024-08-18T15:06:55.351+02:00  INFO 32084 --- [pft] [           main] .s.d.r.c.RepositoryConfigurationDelegate : Bootstrapping Spring Data JPA repositories in DEFAULT mode.
2024-08-18T15:06:55.421+02:00  INFO 32084 --- [pft] [           main] .s.d.r.c.RepositoryConfigurationDelegate : Finished Spring Data repository scanning in 62 ms. Found 6 JPA repository interfaces.
2024-08-18T15:06:55.895+02:00  INFO 32084 --- [pft] [           main] o.hibernate.jpa.internal.util.LogHelper  : HHH000204: Processing PersistenceUnitInfo [name: default]
2024-08-18T15:06:55.971+02:00  INFO 32084 --- [pft] [           main] org.hibernate.Version                    : HHH000412: Hibernate ORM core version 6.5.2.Final
2024-08-18T15:06:56.003+02:00  INFO 32084 --- [pft] [           main] o.h.c.internal.RegionFactoryInitiator    : HHH000026: Second-level cache disabled
2024-08-18T15:06:56.315+02:00  INFO 32084 --- [pft] [           main] o.s.o.j.p.SpringPersistenceUnitInfo      : No LoadTimeWeaver setup: ignoring JPA class transformer
2024-08-18T15:06:56.346+02:00  INFO 32084 --- [pft] [           main] com.zaxxer.hikari.HikariDataSource       : HikariPool-1 - Starting...
2024-08-18T15:06:56.542+02:00  INFO 32084 --- [pft] [           main] com.zaxxer.hikari.pool.HikariPool        : HikariPool-1 - Added connection org.postgresql.jdbc.PgConnection@53dba9cd
2024-08-18T15:06:56.543+02:00  INFO 32084 --- [pft] [           main] com.zaxxer.hikari.HikariDataSource       : HikariPool-1 - Start completed.
2024-08-18T15:06:57.442+02:00  INFO 32084 --- [pft] [           main] o.h.e.t.j.p.i.JtaPlatformInitiator       : HHH000489: No JTA platform available (set 'hibernate.transaction.jta.platform' to enable JTA platform integration)
2024-08-18T15:06:57.505+02:00  INFO 32084 --- [pft] [           main] j.LocalContainerEntityManagerFactoryBean : Initialized JPA EntityManagerFactory for persistence unit 'default'
2024-08-18T15:06:57.824+02:00  INFO 32084 --- [pft] [           main] o.s.d.j.r.query.QueryEnhancerFactory     : Hibernate is in classpath; If applicable, HQL parser will be used.
2024-08-18T15:06:58.742+02:00  WARN 32084 --- [pft] [           main] JpaBaseConfiguration$JpaWebConfiguration : spring.jpa.open-in-view is enabled by default. Therefore, database queries may be performed during view rendering. Explicitly configure spring.jpa.open-in-view to disable this warning
2024-08-18T15:06:59.387+02:00  INFO 32084 --- [pft] [           main] com.frutz.pft.PftApplicationTests        : Started PftApplicationTests in 5.182 seconds (process running for 6.097)
]]></system-out>
    <system-err><![CDATA[WARNING: A Java agent has been loaded dynamically (C:\Users\remix\.m2\repository\net\bytebuddy\byte-buddy-agent\1.14.18\byte-buddy-agent-1.14.18.jar)
WARNING: If a serviceability tool is in use, please run with -XX:+EnableDynamicAgentLoading to hide this warning
WARNING: If a serviceability tool is not in use, please run with -Djdk.instrument.traceUsage for more information
WARNING: Dynamic loading of agents will be disallowed by default in a future release
]]></system-err>
  </testcase>
</testsuite>